<?xml version="1.0" encoding="UTF-8"?>
<!-- Generated by org.testng.reporters.JUnitXMLReporter -->
<testsuite hostname="DESKTOP-5HC4LJV" name="Test" tests="3" failures="0" timestamp="23 Nov 2019 09:09:25 GMT" time="23.551" errors="0">
  <testcase name="verifyGooglePageTittle" time="1.19" classname="com.demo.test.GoogleHomePageTitle"/>
  <testcase name="verifySearchButton" time="1.342" classname="com.demo.test.LoadTest01"/>
  <testcase name="verifyGooglePageTittle" time="1.111" classname="com.demo.test.LoadTest02"/>
</testsuite> <!-- Test -->
